2018-08-31 11:25:13,818 [1] INFO FacElec.Program - Leyendo configuracion
2018-08-31 11:25:46,426 [1] INFO FacElec.Program - Leyendo configuracion
2018-08-31 11:25:47,042 [1] INFO FacElec.Program - Ambiente de produccion?: True
2018-08-31 11:25:47,047 [1] INFO FacElec.Program - Iniciando el proceso
2018-08-31 11:25:49,710 [1] WARN FacElec.Program - Nothing to sync.
2018-08-31 11:25:49,710 [1] INFO FacElec.Program - Proceso completado
2018-08-31 11:34:04,539 [1] INFO FacElec.Program - Leyendo configuracion
2018-08-31 11:34:05,479 [1] INFO FacElec.Program - Ambiente de produccion?: True
2018-08-31 11:34:05,486 [1] INFO FacElec.Program - Iniciando el proceso
2018-10-11 13:05:31,676 [1] INFO FacElec.Program - Leyendo configuracion
2018-10-11 13:05:32,215 [1] INFO FacElec.Program - Ambiente de produccion?: False
2018-10-11 13:05:32,216 [1] INFO FacElec.Program - Iniciando el proceso
2018-10-11 13:05:37,522 [1] INFO FacElec.Program - Number of processed rows 1
2018-10-11 13:05:37,522 [1] INFO FacElec.Program - Proceso completado
2019-06-04 22:12:21,889 [1] INFO FacElec.Program - Leyendo configuracion
2019-06-04 22:12:22,427 [1] INFO FacElec.Program - Ambiente de produccion?: False
2019-06-04 22:12:22,427 [1] INFO FacElec.Program - Iniciando el proceso
2019-06-04 22:12:24,993 [1] ERROR FacElec.Program - Cannot open server 'pt2' requested by the login. Client with IP address '87.153.134.86' is not allowed to access the server.  To enable access, use the Windows Azure Management Portal or run sp_set_firewall_rule on the master database to create a firewall rule for this IP address or address range.  It may take up to five minutes for this change to take effect.
2019-06-04 22:12:24,993 [1] WARN FacElec.Program - No hay facturas pendientes
2019-06-04 22:12:24,993 [1] INFO FacElec.Program - Proceso completado
2019-06-04 22:13:37,030 [1] INFO FacElec.Program - Leyendo configuracion
2019-06-04 22:13:37,505 [1] INFO FacElec.Program - Ambiente de produccion?: False
2019-06-04 22:13:37,509 [1] INFO FacElec.Program - Iniciando el proceso
2019-06-04 22:13:39,715 [1] WARN FacElec.Program - No hay facturas pendientes
2019-06-04 22:13:39,715 [1] INFO FacElec.Program - Proceso completado
2019-06-04 22:14:05,168 [1] INFO FacElec.Program - Leyendo configuracion
2019-06-04 22:14:05,594 [1] INFO FacElec.Program - Ambiente de produccion?: False
2019-06-04 22:14:05,603 [1] INFO FacElec.Program - Iniciando el proceso
2019-06-04 22:14:07,539 [1] WARN FacElec.Program - No hay facturas pendientes
2019-06-04 22:14:07,539 [1] INFO FacElec.Program - Proceso completado
2019-06-04 22:17:27,855 [1] INFO FacElec.Program - Leyendo configuracion
2019-06-04 22:17:28,274 [1] INFO FacElec.Program - Ambiente de produccion?: False
2019-06-04 22:17:28,274 [1] INFO FacElec.Program - Iniciando el proceso
2019-06-04 22:17:30,210 [1] WARN FacElec.Program - No hay facturas pendientes
2019-06-04 22:17:30,210 [1] INFO FacElec.Program - Proceso completado
2019-06-04 22:18:07,905 [1] INFO FacElec.Program - Leyendo configuracion
2019-06-04 22:18:08,403 [1] INFO FacElec.Program - Ambiente de produccion?: False
2019-06-04 22:18:08,408 [1] INFO FacElec.Program - Iniciando el proceso
2019-06-04 22:18:10,466 [1] WARN FacElec.Program - No hay facturas pendientes
2019-06-04 22:18:10,466 [1] INFO FacElec.Program - Proceso completado
2019-06-04 22:19:42,331 [1] INFO FacElec.Program - Leyendo configuracion
2019-06-04 22:19:42,759 [1] INFO FacElec.Program - Ambiente de produccion?: False
2019-06-04 22:19:42,769 [1] INFO FacElec.Program - Iniciando el proceso
2019-06-04 22:20:11,680 [1] WARN FacElec.Program - No hay facturas pendientes
2019-06-04 22:20:11,680 [1] INFO FacElec.Program - Proceso completado
2019-06-04 22:23:30,048 [1] INFO FacElec.Program - Leyendo configuracion
2019-06-04 22:23:30,563 [1] INFO FacElec.Program - Ambiente de produccion?: False
2019-06-04 22:23:30,567 [1] INFO FacElec.Program - Iniciando el proceso
2019-06-04 22:25:23,304 [1] INFO FacElec.Program - Leyendo configuracion
2019-06-04 22:25:23,793 [1] INFO FacElec.Program - Ambiente de produccion?: False
2019-06-04 22:25:23,799 [1] INFO FacElec.Program - Iniciando el proceso
2019-06-04 22:26:44,419 [1] INFO FacElec.Program - Number of processed rows 3
2019-06-04 22:26:44,426 [1] INFO FacElec.Program - Proceso completado
2019-06-04 22:26:56,453 [1] INFO FacElec.Program - Leyendo configuracion
2019-06-04 22:26:56,901 [1] INFO FacElec.Program - Ambiente de produccion?: False
2019-06-04 22:26:56,909 [1] INFO FacElec.Program - Iniciando el proceso
2019-06-04 22:27:02,620 [1] WARN FacElec.Program - No hay facturas pendientes
2019-06-04 22:27:02,621 [1] INFO FacElec.Program - Proceso completado
2019-06-04 22:42:21,592 [1] INFO FacElec.Program - Leyendo configuracion
2019-06-04 22:42:22,084 [1] INFO FacElec.Program - Ambiente de produccion?: False
2019-06-04 22:42:22,085 [1] INFO FacElec.Program - Iniciando el proceso
2019-06-04 22:42:25,703 [1] ERROR FacElec.Program - The provided URI scheme 'https' is invalid; expected 'http'.
Parameter name: via
2019-06-04 22:42:25,703 [1] ERROR FacElec.Program - Hubo un error al sincronizar la factura con GTI
2019-06-04 22:42:26,120 [1] ERROR FacElec.Program - The provided URI scheme 'https' is invalid; expected 'http'.
Parameter name: via
2019-06-04 22:42:26,120 [1] ERROR FacElec.Program - Hubo un error al sincronizar la factura con GTI
2019-06-04 22:42:26,540 [1] ERROR FacElec.Program - The provided URI scheme 'https' is invalid; expected 'http'.
Parameter name: via
2019-06-04 22:42:26,540 [1] ERROR FacElec.Program - Hubo un error al sincronizar la factura con GTI
2019-06-04 22:42:26,542 [1] INFO FacElec.Program - Proceso completado
2019-06-04 22:42:39,429 [1] INFO FacElec.Program - Leyendo configuracion
2019-06-04 22:42:39,872 [1] INFO FacElec.Program - Ambiente de produccion?: False
2019-06-04 22:42:39,886 [1] INFO FacElec.Program - Iniciando el proceso
2019-06-04 22:42:46,908 [1] INFO FacElec.Program - Number of processed rows 3
2019-06-04 22:42:46,908 [1] INFO FacElec.Program - Proceso completado
2019-06-04 22:53:42,250 [1] INFO FacElec.Program - Leyendo configuracion
2019-06-04 22:53:42,811 [1] INFO FacElec.Program - Ambiente de produccion?: False
2019-06-04 22:53:42,812 [1] INFO FacElec.Program - Iniciando el proceso
2019-06-04 22:53:45,165 [1] WARN FacElec.Program - No hay facturas pendientes
2019-06-04 22:53:45,165 [1] INFO FacElec.Program - Proceso completado
2019-06-04 22:54:10,344 [1] INFO FacElec.Program - Leyendo configuracion
2019-06-04 22:54:10,862 [1] INFO FacElec.Program - Ambiente de produccion?: False
2019-06-04 22:54:10,868 [1] INFO FacElec.Program - Iniciando el proceso
2019-06-04 22:57:12,939 [1] INFO FacElec.Program - Leyendo configuracion
2019-06-04 22:57:13,361 [1] INFO FacElec.Program - Ambiente de produccion?: False
2019-06-04 22:57:13,369 [1] INFO FacElec.Program - Iniciando el proceso
2019-06-04 23:06:08,960 [1] INFO FacElec.Program - Leyendo configuracion
2019-06-04 23:06:09,513 [1] INFO FacElec.Program - Ambiente de produccion?: False
2019-06-04 23:06:09,514 [1] INFO FacElec.Program - Iniciando el proceso
2019-06-04 23:07:08,931 [1] INFO FacElec.Program - Leyendo configuracion
2019-06-04 23:07:09,495 [1] INFO FacElec.Program - Ambiente de produccion?: False
2019-06-04 23:07:09,496 [1] INFO FacElec.Program - Iniciando el proceso
2019-06-04 23:15:20,765 [1] INFO FacElec.Program - Leyendo configuracion
2019-06-04 23:15:21,206 [1] INFO FacElec.Program - Ambiente de produccion?: False
2019-06-04 23:15:21,213 [1] INFO FacElec.Program - Iniciando el proceso
2019-06-04 23:47:56,925 [1] INFO FacElec.Program - Leyendo configuracion
2019-06-04 23:47:57,426 [1] INFO FacElec.Program - Ambiente de produccion?: False
2019-06-04 23:47:57,432 [1] INFO FacElec.Program - Iniciando el proceso
2019-06-06 21:08:39,478 [1] INFO FacElec.Program - Leyendo configuracion
2019-06-06 21:08:39,968 [1] INFO FacElec.Program - Ambiente de produccion?: False
2019-06-06 21:08:39,970 [1] INFO FacElec.Program - Iniciando el proceso
2019-06-06 21:08:42,410 [1] ERROR FacElec.Program - Cannot open server 'pt2' requested by the login. Client with IP address '87.153.140.111' is not allowed to access the server.  To enable access, use the Windows Azure Management Portal or run sp_set_firewall_rule on the master database to create a firewall rule for this IP address or address range.  It may take up to five minutes for this change to take effect.
2019-06-06 21:08:42,410 [1] WARN FacElec.Program - No hay facturas pendientes
2019-06-06 21:08:42,410 [1] INFO FacElec.Program - Proceso completado
2019-06-06 21:10:15,165 [1] INFO FacElec.Program - Leyendo configuracion
2019-06-06 21:10:15,838 [1] INFO FacElec.Program - Ambiente de produccion?: False
2019-06-06 21:10:15,840 [1] INFO FacElec.Program - Iniciando el proceso
2019-06-18 20:47:16,988 [1] INFO FacElec.Program - Leyendo configuracion
2019-06-18 20:47:17,558 [1] INFO FacElec.Program - Ambiente de produccion?: False
2019-06-18 20:47:17,560 [1] INFO FacElec.Program - Iniciando el proceso
2019-06-18 20:47:20,418 [1] ERROR FacElec.Program - Cannot open server 'pt2' requested by the login. Client with IP address '87.153.142.50' is not allowed to access the server.  To enable access, use the Windows Azure Management Portal or run sp_set_firewall_rule on the master database to create a firewall rule for this IP address or address range.  It may take up to five minutes for this change to take effect.
2019-06-18 20:47:20,418 [1] WARN FacElec.Program - No hay facturas pendientes
2019-06-18 20:47:20,419 [1] INFO FacElec.Program - Proceso completado
2019-06-18 20:48:09,651 [1] INFO FacElec.Program - Leyendo configuracion
2019-06-18 20:48:10,114 [1] INFO FacElec.Program - Ambiente de produccion?: False
2019-06-18 20:48:10,115 [1] INFO FacElec.Program - Iniciando el proceso
2019-06-18 20:48:12,093 [1] ERROR FacElec.Program - Invalid argument
2019-06-18 20:48:12,093 [1] WARN FacElec.Program - No hay facturas pendientes
2019-06-18 20:48:12,093 [1] INFO FacElec.Program - Proceso completado
2019-06-18 20:48:28,501 [1] INFO FacElec.Program - Leyendo configuracion
2019-06-18 20:48:28,995 [1] INFO FacElec.Program - Ambiente de produccion?: False
2019-06-18 20:48:28,996 [1] INFO FacElec.Program - Iniciando el proceso
2019-06-18 20:48:56,862 [1] ERROR FacElec.Program - Cannot open server 'pt2' requested by the login. Client with IP address '87.153.142.50' is not allowed to access the server.  To enable access, use the Windows Azure Management Portal or run sp_set_firewall_rule on the master database to create a firewall rule for this IP address or address range.  It may take up to five minutes for this change to take effect.
2019-06-18 20:48:56,889 [1] WARN FacElec.Program - No hay facturas pendientes
2019-06-18 20:48:56,889 [1] INFO FacElec.Program - Proceso completado
2019-06-18 20:49:41,754 [1] INFO FacElec.Program - Leyendo configuracion
2019-06-18 20:49:42,289 [1] INFO FacElec.Program - Ambiente de produccion?: False
2019-06-18 20:49:42,290 [1] INFO FacElec.Program - Iniciando el proceso
2019-06-18 21:01:35,559 [1] INFO FacElec.Program - Leyendo configuracion
2019-06-18 21:01:36,063 [1] INFO FacElec.Program - Ambiente de produccion?: False
2019-06-18 21:01:36,064 [1] INFO FacElec.Program - Iniciando el proceso
2019-06-18 21:05:55,106 [1] INFO FacElec.Program - Leyendo configuracion
2019-06-18 21:05:55,575 [1] INFO FacElec.Program - Ambiente de produccion?: False
2019-06-18 21:05:55,581 [1] INFO FacElec.Program - Iniciando el proceso
2019-06-18 21:09:40,402 [1] INFO FacElec.Program - Leyendo configuracion
2019-06-18 21:09:40,881 [1] INFO FacElec.Program - Ambiente de produccion?: False
2019-06-18 21:09:40,890 [1] INFO FacElec.Program - Iniciando el proceso
2019-06-18 21:12:01,701 [1] INFO FacElec.Program - Leyendo configuracion
2019-06-18 21:12:02,133 [1] INFO FacElec.Program - Ambiente de produccion?: False
2019-06-18 21:12:02,134 [1] INFO FacElec.Program - Iniciando el proceso
2019-06-18 21:15:24,051 [1] INFO FacElec.Program - Leyendo configuracion
2019-06-18 21:15:24,561 [1] INFO FacElec.Program - Ambiente de produccion?: False
2019-06-18 21:15:24,569 [1] INFO FacElec.Program - Iniciando el proceso
2019-06-18 21:16:24,872 [1] INFO FacElec.Program - Leyendo configuracion
2019-06-18 21:16:25,376 [1] INFO FacElec.Program - Ambiente de produccion?: False
2019-06-18 21:16:25,377 [1] INFO FacElec.Program - Iniciando el proceso
2019-06-18 21:16:32,548 [1] INFO FacElec.Program - Proceso completado
2019-06-18 21:18:31,899 [1] INFO FacElec.Program - Leyendo configuracion
2019-06-18 21:18:32,391 [1] INFO FacElec.Program - Ambiente de produccion?: False
2019-06-18 21:18:32,397 [1] INFO FacElec.Program - Iniciando el proceso
2019-06-18 21:18:38,809 [1] INFO FacElec.Program - Proceso completado
2019-06-18 21:22:14,191 [1] INFO FacElec.Program - Leyendo configuracion
2019-06-18 21:22:14,763 [1] INFO FacElec.Program - Ambiente de produccion?: False
2019-06-18 21:22:14,770 [1] INFO FacElec.Program - Iniciando el proceso
2019-06-18 21:22:21,721 [1] INFO FacElec.Program - Proceso completado
2019-06-20 22:55:10,954 [1] INFO FacElec.Program - Leyendo configuracion
2019-06-20 22:55:12,323 [1] INFO FacElec.Program - Ambiente de produccion?: False
2019-06-20 22:55:12,327 [1] INFO FacElec.Program - Iniciando el proceso
2019-06-20 22:55:17,363 [1] ERROR FacElec.Program - Cannot open server 'pt2' requested by the login. Client with IP address '87.153.140.64' is not allowed to access the server.  To enable access, use the Windows Azure Management Portal or run sp_set_firewall_rule on the master database to create a firewall rule for this IP address or address range.  It may take up to five minutes for this change to take effect.
2019-06-20 22:55:17,364 [1] WARN FacElec.Program - No hay facturas pendientes
2019-06-20 22:55:17,364 [1] INFO FacElec.Program - Proceso completado
2019-06-21 22:27:38,530 [1] INFO FacElec.Program - Leyendo configuracion
2019-06-21 22:27:39,193 [1] INFO FacElec.Program - Ambiente de produccion?: False
2019-06-21 22:27:39,200 [1] INFO FacElec.Program - Iniciando el proceso
2019-06-21 22:27:42,421 [1] ERROR FacElec.Program - Cannot open server 'pt2' requested by the login. Client with IP address '87.153.140.51' is not allowed to access the server.  To enable access, use the Windows Azure Management Portal or run sp_set_firewall_rule on the master database to create a firewall rule for this IP address or address range.  It may take up to five minutes for this change to take effect.
2019-06-21 22:27:42,422 [1] WARN FacElec.Program - No hay facturas pendientes
2019-06-21 22:27:42,422 [1] INFO FacElec.Program - Proceso completado
2019-06-21 22:28:39,074 [1] INFO FacElec.Program - Leyendo configuracion
2019-06-21 22:28:39,580 [1] INFO FacElec.Program - Ambiente de produccion?: False
2019-06-21 22:28:39,587 [1] INFO FacElec.Program - Iniciando el proceso
2019-06-22 10:55:03,368 [1] INFO FacElec.Program - Leyendo configuracion
2019-06-22 10:55:03,891 [1] INFO FacElec.Program - Ambiente de produccion?: False
2019-06-22 10:55:03,897 [1] INFO FacElec.Program - Iniciando el proceso
2019-06-22 10:55:06,810 [1] ERROR FacElec.Program - Cannot open server 'pt2' requested by the login. Client with IP address '80.129.167.171' is not allowed to access the server.  To enable access, use the Windows Azure Management Portal or run sp_set_firewall_rule on the master database to create a firewall rule for this IP address or address range.  It may take up to five minutes for this change to take effect.
2019-06-22 10:55:06,810 [1] WARN FacElec.Program - No hay facturas pendientes
2019-06-22 10:55:06,810 [1] INFO FacElec.Program - Proceso completado
2019-06-22 10:59:24,436 [1] INFO FacElec.Program - Leyendo configuracion
2019-06-22 10:59:25,061 [1] INFO FacElec.Program - Ambiente de produccion?: False
2019-06-22 10:59:25,068 [1] INFO FacElec.Program - Iniciando el proceso
2019-06-22 10:59:27,325 [1] ERROR FacElec.Program - Cannot open server 'pt2' requested by the login. Client with IP address '80.129.167.171' is not allowed to access the server.  To enable access, use the Windows Azure Management Portal or run sp_set_firewall_rule on the master database to create a firewall rule for this IP address or address range.  It may take up to five minutes for this change to take effect.
2019-06-22 10:59:27,325 [1] WARN FacElec.Program - No hay facturas pendientes
2019-06-22 10:59:27,326 [1] INFO FacElec.Program - Proceso completado
2019-06-22 11:00:31,763 [1] INFO FacElec.Program - Leyendo configuracion
2019-06-22 11:00:32,265 [1] INFO FacElec.Program - Ambiente de produccion?: False
2019-06-22 11:00:32,266 [1] INFO FacElec.Program - Iniciando el proceso
2019-06-22 11:00:34,671 [1] ERROR FacElec.Program - Cannot open server 'pt2' requested by the login. Client with IP address '80.129.167.171' is not allowed to access the server.  To enable access, use the Windows Azure Management Portal or run sp_set_firewall_rule on the master database to create a firewall rule for this IP address or address range.  It may take up to five minutes for this change to take effect.
2019-06-22 11:00:34,671 [1] WARN FacElec.Program - No hay facturas pendientes
2019-06-22 11:00:34,671 [1] INFO FacElec.Program - Proceso completado
2019-06-22 11:01:32,532 [1] INFO FacElec.Program - Leyendo configuracion
2019-06-22 11:01:33,018 [1] INFO FacElec.Program - Ambiente de produccion?: False
2019-06-22 11:01:33,024 [1] INFO FacElec.Program - Iniciando el proceso
2019-06-22 11:06:56,959 [1] INFO FacElec.Program - Proceso completado
2019-06-22 11:11:18,935 [1] INFO FacElec.Program - Leyendo configuracion
2019-06-22 11:11:19,459 [1] INFO FacElec.Program - Ambiente de produccion?: False
2019-06-22 11:11:19,467 [1] INFO FacElec.Program - Iniciando el proceso
2019-06-22 11:21:36,765 [1] INFO FacElec.Program - Proceso completado
2019-06-22 11:24:11,757 [1] INFO FacElec.Program - Leyendo configuracion
2019-06-22 11:24:12,262 [1] INFO FacElec.Program - Ambiente de produccion?: False
2019-06-22 11:24:12,269 [1] INFO FacElec.Program - Iniciando el proceso
2019-06-22 11:33:28,673 [1] ERROR FacElec.Program - Error al almacenar el XML para la factura: 18217
2019-06-22 11:36:43,677 [1] INFO FacElec.Program - Leyendo configuracion
2019-06-22 11:36:44,206 [1] INFO FacElec.Program - Ambiente de produccion?: False
2019-06-22 11:36:44,214 [1] INFO FacElec.Program - Iniciando el proceso
2019-06-22 11:36:59,056 [1] INFO FacElec.Program - Proceso completado
2019-06-22 11:38:05,727 [1] INFO FacElec.Program - Leyendo configuracion
2019-06-22 11:38:06,257 [1] INFO FacElec.Program - Ambiente de produccion?: False
2019-06-22 11:38:06,268 [1] INFO FacElec.Program - Iniciando el proceso
2019-07-01 18:42:30,562 [1] INFO FacElec.Program - Leyendo configuracion
2019-07-01 18:42:31,085 [1] INFO FacElec.Program - Ambiente de produccion?: False
2019-07-01 18:42:31,086 [1] INFO FacElec.Program - Iniciando el proceso
2019-07-01 18:43:50,600 [1] INFO FacElec.Program - Leyendo configuracion
2019-07-01 18:43:51,120 [1] INFO FacElec.Program - Ambiente de produccion?: False
2019-07-01 18:43:51,121 [1] INFO FacElec.Program - Iniciando el proceso
2019-07-01 18:55:41,233 [1] INFO FacElec.Program - Leyendo configuracion
2019-07-01 18:55:41,680 [1] INFO FacElec.Program - Ambiente de produccion?: False
2019-07-01 18:55:41,690 [1] INFO FacElec.Program - Iniciando el proceso
2019-07-01 19:15:54,047 [1] INFO FacElec.Program - Leyendo configuracion
2019-07-01 19:15:54,594 [1] INFO FacElec.Program - Ambiente de produccion?: False
2019-07-01 19:15:54,602 [1] INFO FacElec.Program - Iniciando el proceso
2019-07-01 19:20:08,018 [1] INFO FacElec.Program - Leyendo configuracion
2019-07-01 19:20:08,514 [1] INFO FacElec.Program - Ambiente de produccion?: False
2019-07-01 19:20:08,521 [1] INFO FacElec.Program - Iniciando el proceso
2019-07-01 19:21:18,933 [1] INFO FacElec.Program - Proceso completado
2019-07-01 19:21:37,406 [1] INFO FacElec.Program - Leyendo configuracion
2019-07-01 19:21:37,911 [1] INFO FacElec.Program - Ambiente de produccion?: False
2019-07-01 19:21:37,919 [1] INFO FacElec.Program - Iniciando el proceso
2019-07-01 19:21:44,142 [1] INFO FacElec.Program - Proceso completado
2019-07-01 19:21:53,504 [1] INFO FacElec.Program - Leyendo configuracion
2019-07-01 19:21:53,918 [1] INFO FacElec.Program - Ambiente de produccion?: False
2019-07-01 19:21:53,919 [1] INFO FacElec.Program - Iniciando el proceso
2019-07-01 19:31:58,072 [1] INFO FacElec.Program - Leyendo configuracion
2019-07-01 19:31:58,498 [1] INFO FacElec.Program - Ambiente de produccion?: False
2019-07-01 19:31:58,506 [1] INFO FacElec.Program - Iniciando el proceso
2019-07-01 19:33:48,948 [1] INFO FacElec.Program - Leyendo configuracion
2019-07-01 19:33:49,427 [1] INFO FacElec.Program - Ambiente de produccion?: False
2019-07-01 19:33:49,435 [1] INFO FacElec.Program - Iniciando el proceso
2019-07-01 19:35:03,216 [1] INFO FacElec.Program - Leyendo configuracion
2019-07-01 19:35:03,713 [1] INFO FacElec.Program - Ambiente de produccion?: False
2019-07-01 19:35:03,720 [1] INFO FacElec.Program - Iniciando el proceso
2019-07-02 23:00:58,645 [1] INFO FacElec.Program - Leyendo configuracion
2019-07-02 23:00:59,155 [1] INFO FacElec.Program - Ambiente de produccion?: True
2019-07-02 23:00:59,162 [1] INFO FacElec.Program - Iniciando el proceso
2019-07-02 23:02:54,726 [1] INFO FacElec.Program - Number of processed rows 4
2019-07-02 23:02:54,731 [1] INFO FacElec.Program - Proceso completado
2019-07-02 23:05:53,319 [1] INFO FacElec.Program - Leyendo configuracion
2019-07-02 23:05:53,802 [1] INFO FacElec.Program - Ambiente de produccion?: True
2019-07-02 23:05:53,808 [1] INFO FacElec.Program - Iniciando el proceso
2019-07-02 23:07:06,742 [1] INFO FacElec.Program - Leyendo configuracion
2019-07-02 23:07:07,196 [1] INFO FacElec.Program - Ambiente de produccion?: True
2019-07-02 23:07:07,204 [1] INFO FacElec.Program - Iniciando el proceso
2019-07-02 23:07:09,168 [1] WARN FacElec.Program - No hay facturas pendientes
2019-07-02 23:07:09,168 [1] INFO FacElec.Program - Proceso completado
2019-07-02 23:08:07,226 [1] INFO FacElec.Program - Leyendo configuracion
2019-07-02 23:08:07,769 [1] INFO FacElec.Program - Ambiente de produccion?: False
2019-07-02 23:08:07,771 [1] INFO FacElec.Program - Iniciando el proceso
2019-07-02 23:08:35,809 [1] INFO FacElec.Program - Proceso completado
2019-07-02 23:17:08,455 [1] INFO FacElec.Program - Leyendo configuracion
2019-07-02 23:17:23,280 [1] INFO FacElec.Program - Leyendo configuracion
2019-07-02 23:17:31,762 [1] INFO FacElec.Program - Leyendo configuracion
2019-07-02 23:17:32,263 [1] INFO FacElec.Program - Ambiente de produccion?: False
2019-07-02 23:17:32,270 [1] INFO FacElec.Program - Iniciando el proceso
2019-07-02 23:19:39,712 [1] INFO FacElec.Program - Leyendo configuracion
2019-07-02 23:19:40,187 [1] INFO FacElec.Program - Ambiente de produccion?: True
2019-07-02 23:19:40,188 [1] INFO FacElec.Program - Iniciando el proceso
2019-07-02 23:21:36,826 [1] INFO FacElec.Program - Leyendo configuracion
2019-07-02 23:21:37,355 [1] INFO FacElec.Program - Ambiente de produccion?: True
2019-07-02 23:21:37,357 [1] INFO FacElec.Program - Iniciando el proceso
2019-07-02 23:22:12,244 [1] INFO FacElec.Program - Number of processed rows 1
2019-07-02 23:22:12,245 [1] INFO FacElec.Program - Proceso completado
2020-09-19 16:27:32,161 [1] INFO FacElec.Program - Leyendo configuracion
2020-09-19 16:27:32,695 [1] INFO FacElec.Program - Ambiente de produccion?: False
2020-09-19 16:27:32,695 [1] INFO FacElec.Program - Iniciando el proceso
